<?xml version="1.0" encoding="UTF-8"?>
<testng-results ignored="0" total="1" passed="1" failed="0" skipped="0">
  <reporter-output>
  </reporter-output>
  <suite started-at="2023-05-30T14:59:17 IST" name="Default suite" finished-at="2023-05-30T15:00:00 IST" duration-ms="43267">
    <groups>
    </groups>
    <test started-at="2023-05-30T14:59:17 IST" name="Default test" finished-at="2023-05-30T15:00:00 IST" duration-ms="43267">
      <class name="extentReport.ExtentReport">
        <test-method is-config="true" signature="setupMethod()[pri:0, instance:extentReport.ExtentReport@7193666c]" started-at="2023-05-30T14:59:17 IST" name="setupMethod" finished-at="2023-05-30T14:59:22 IST" duration-ms="5668" status="PASS">
          <reporter-output>
          </reporter-output>
        </test-method> <!-- setupMethod -->
        <test-method signature="verifyPageObjectModel()[pri:1, instance:extentReport.ExtentReport@7193666c]" started-at="2023-05-30T14:59:22 IST" name="verifyPageObjectModel" finished-at="2023-05-30T15:00:00 IST" duration-ms="37073" status="PASS">
          <reporter-output>
          </reporter-output>
        </test-method> <!-- verifyPageObjectModel -->
        <test-method is-config="true" signature="afterTest()[pri:0, instance:extentReport.ExtentReport@7193666c]" started-at="2023-05-30T15:00:00 IST" name="afterTest" finished-at="2023-05-30T15:00:00 IST" duration-ms="475" status="PASS">
          <reporter-output>
          </reporter-output>
        </test-method> <!-- afterTest -->
      </class> <!-- extentReport.ExtentReport -->
    </test> <!-- Default test -->
  </suite> <!-- Default suite -->
</testng-results>
